<?xml version="1.0" encoding="UTF-8"?>
<!-- Generated by org.testng.reporters.JUnitReportReporter -->
<testsuite hostname="latitude" failures="0" tests="1" name="testPages.HomePageTest" time="21.706" errors="0" timestamp="2023-04-04T13:09:50 EDT" skipped="0">
  <testcase classname="testPages.HomePageTest" name="clickSearchButtonTest" time="21.706"/>
  <system-out/>
</testsuite> <!-- testPages.HomePageTest -->
