<?xml version="1.0" encoding="UTF-8"?>
<!-- Generated by org.testng.reporters.JUnitReportReporter -->
<testsuite hostname="latitude" failures="0" tests="9" name="testPages.HomePageTest" time="26.118" errors="0" timestamp="2023-04-05T23:55:46 EDT" skipped="8">
  <testcase classname="testPages.HomePageTest" name="clickSignInThenClickUserNameThenInputTextTest" time="26.118"/>
  <system-out/>
  <testcase classname="testPages.HomePageTest" name="use_of_cssSelector_as_locator">
    <skipped/>
  </testcase> <!-- use_of_cssSelector_as_locator -->
  <system-out/>
  <testcase classname="testPages.HomePageTest" name="clickSendButtonTest">
    <skipped/>
  </testcase> <!-- clickSendButtonTest -->
  <system-out/>
  <testcase classname="testPages.HomePageTest" name="use_of_partialLinkText_as_locator">
    <skipped/>
  </testcase> <!-- use_of_partialLinkText_as_locator -->
  <system-out/>
  <testcase classname="testPages.HomePageTest" name="inputTextInSearchButtonTest">
    <skipped/>
  </testcase> <!-- inputTextInSearchButtonTest -->
  <system-out/>
  <testcase classname="testPages.HomePageTest" name="clickSignInButtonTest">
    <skipped/>
  </testcase> <!-- clickSignInButtonTest -->
  <system-out/>
  <testcase classname="testPages.HomePageTest" name="use_of_linkText_as_locator">
    <skipped/>
  </testcase> <!-- use_of_linkText_as_locator -->
  <system-out/>
  <testcase classname="testPages.HomePageTest" name="logoDisplayedTest">
    <skipped/>
  </testcase> <!-- logoDisplayedTest -->
  <system-out/>
  <testcase classname="testPages.HomePageTest" name="clickSearchButtonTest">
    <skipped/>
  </testcase> <!-- clickSearchButtonTest -->
  <system-out/>
</testsuite> <!-- testPages.HomePageTest -->
