<?xml version="1.0" encoding="UTF-8"?>
<!-- Generated by org.testng.reporters.JUnitReportReporter -->
<testsuite hostname="latitude" failures="0" tests="3" name="testPages.HomePageTest" time="17.927" errors="0" timestamp="2023-04-04T21:07:36 EDT" skipped="2">
  <testcase classname="testPages.HomePageTest" name="clickSearchButtonTest" time="17.927"/>
  <system-out/>
  <testcase classname="testPages.HomePageTest" name="clickSignInButtonTest">
    <skipped/>
  </testcase> <!-- clickSignInButtonTest -->
  <system-out/>
  <testcase classname="testPages.HomePageTest" name="clickSendButtonTest">
    <skipped/>
  </testcase> <!-- clickSendButtonTest -->
  <system-out/>
</testsuite> <!-- testPages.HomePageTest -->
