<?xml version="1.0" encoding="UTF-8"?>
<!-- Generated by org.testng.reporters.JUnitReportReporter -->
<testsuite hostname="latitude" failures="0" tests="18" name="testPages.HomePageTest" time="26.808" errors="0" timestamp="2023-04-06T15:33:52 EDT" skipped="17">
  <testcase classname="testPages.HomePageTest" name="use_of_sendKeys_then_click_by_return_key_of_laptop" time="26.808"/>
  <system-out/>
  <testcase classname="testPages.HomePageTest" name="logoDisplayedTest">
    <skipped/>
  </testcase> <!-- logoDisplayedTest -->
  <system-out/>
  <testcase classname="testPages.HomePageTest" name="use_of_sendKeys_then_click_by_enter_key_of_laptop">
    <skipped/>
  </testcase> <!-- use_of_sendKeys_then_click_by_enter_key_of_laptop -->
  <system-out/>
  <testcase classname="testPages.HomePageTest" name="use_of_getAttribute_method">
    <skipped/>
  </testcase> <!-- use_of_getAttribute_method -->
  <system-out/>
  <testcase classname="testPages.HomePageTest" name="use_of_getTitle_method_in_homePage">
    <skipped/>
  </testcase> <!-- use_of_getTitle_method_in_homePage -->
  <system-out/>
  <testcase classname="testPages.HomePageTest" name="clickSignInButtonTest">
    <skipped/>
  </testcase> <!-- clickSignInButtonTest -->
  <system-out/>
  <testcase classname="testPages.HomePageTest" name="inputTextInSearchButtonTest">
    <skipped/>
  </testcase> <!-- inputTextInSearchButtonTest -->
  <system-out/>
  <testcase classname="testPages.HomePageTest" name="clickSignInThenClickUserNameThenInputTextTest">
    <skipped/>
  </testcase> <!-- clickSignInThenClickUserNameThenInputTextTest -->
  <system-out/>
  <testcase classname="testPages.HomePageTest" name="clickSendButtonTest">
    <skipped/>
  </testcase> <!-- clickSendButtonTest -->
  <system-out/>
  <testcase classname="testPages.HomePageTest" name="use_of_isEnabled_in_signIn_button">
    <skipped/>
  </testcase> <!-- use_of_isEnabled_in_signIn_button -->
  <system-out/>
  <testcase classname="testPages.HomePageTest" name="use_of_getText_method">
    <skipped/>
  </testcase> <!-- use_of_getText_method -->
  <system-out/>
  <testcase classname="testPages.HomePageTest" name="use_of_partialLinkText_as_locator">
    <skipped/>
  </testcase> <!-- use_of_partialLinkText_as_locator -->
  <system-out/>
  <testcase classname="testPages.HomePageTest" name="use_of_isDisplayed_in_logo">
    <skipped/>
  </testcase> <!-- use_of_isDisplayed_in_logo -->
  <system-out/>
  <testcase classname="testPages.HomePageTest" name="use_of_linkText_as_locator">
    <skipped/>
  </testcase> <!-- use_of_linkText_as_locator -->
  <system-out/>
  <testcase classname="testPages.HomePageTest" name="use_of_getCurrentURL_method">
    <skipped/>
  </testcase> <!-- use_of_getCurrentURL_method -->
  <system-out/>
  <testcase classname="testPages.HomePageTest" name="use_of_sendKeys_then_clear_method">
    <skipped/>
  </testcase> <!-- use_of_sendKeys_then_clear_method -->
  <system-out/>
  <testcase classname="testPages.HomePageTest" name="clickSearchButtonTest">
    <skipped/>
  </testcase> <!-- clickSearchButtonTest -->
  <system-out/>
  <testcase classname="testPages.HomePageTest" name="use_of_cssSelector_as_locator">
    <skipped/>
  </testcase> <!-- use_of_cssSelector_as_locator -->
  <system-out/>
</testsuite> <!-- testPages.HomePageTest -->
