<?xml version="1.0" encoding="UTF-8"?>
<!-- Generated by org.testng.reporters.JUnitReportReporter -->
<testsuite hostname="latitude" failures="0" tests="27" name="testPages.HomePageTest" time="37.500" errors="0" timestamp="2023-04-08T23:14:07 EDT" skipped="26">
  <testcase classname="testPages.HomePageTest" name="use_of_select_by_value_method" time="37.500"/>
  <system-out/>
  <testcase classname="testPages.HomePageTest" name="clickSendButtonTest">
    <skipped/>
  </testcase> <!-- clickSendButtonTest -->
  <system-out/>
  <testcase classname="testPages.HomePageTest" name="logoDisplayedTest">
    <skipped/>
  </testcase> <!-- logoDisplayedTest -->
  <system-out/>
  <testcase classname="testPages.HomePageTest" name="use_of_set_size_for_window">
    <skipped/>
  </testcase> <!-- use_of_set_size_for_window -->
  <system-out/>
  <testcase classname="testPages.HomePageTest" name="use_of_linkText_as_locator">
    <skipped/>
  </testcase> <!-- use_of_linkText_as_locator -->
  <system-out/>
  <testcase classname="testPages.HomePageTest" name="use_of_sendKeys_then_click_by_return_key_of_laptop">
    <skipped/>
  </testcase> <!-- use_of_sendKeys_then_click_by_return_key_of_laptop -->
  <system-out/>
  <testcase classname="testPages.HomePageTest" name="use_of_cssSelector_as_locator">
    <skipped/>
  </testcase> <!-- use_of_cssSelector_as_locator -->
  <system-out/>
  <testcase classname="testPages.HomePageTest" name="use_of_mouse_hoverAction">
    <skipped/>
  </testcase> <!-- use_of_mouse_hoverAction -->
  <system-out/>
  <testcase classname="testPages.HomePageTest" name="inputTextInSearchButtonTest">
    <skipped/>
  </testcase> <!-- inputTextInSearchButtonTest -->
  <system-out/>
  <testcase classname="testPages.HomePageTest" name="use_of_getAttribute_method">
    <skipped/>
  </testcase> <!-- use_of_getAttribute_method -->
  <system-out/>
  <testcase classname="testPages.HomePageTest" name="use_of_isDisplayed_in_logo">
    <skipped/>
  </testcase> <!-- use_of_isDisplayed_in_logo -->
  <system-out/>
  <testcase classname="testPages.HomePageTest" name="use_of_getTitle_method_with_assertion">
    <skipped/>
  </testcase> <!-- use_of_getTitle_method_with_assertion -->
  <system-out/>
  <testcase classname="testPages.HomePageTest" name="use_of_partialLinkText_as_locator">
    <skipped/>
  </testcase> <!-- use_of_partialLinkText_as_locator -->
  <system-out/>
  <testcase classname="testPages.HomePageTest" name="use_of_nevigate_method">
    <skipped/>
  </testcase> <!-- use_of_nevigate_method -->
  <system-out/>
  <testcase classname="testPages.HomePageTest" name="use_of_sendKeys_then_click_by_enter_key_of_laptop">
    <skipped/>
  </testcase> <!-- use_of_sendKeys_then_click_by_enter_key_of_laptop -->
  <system-out/>
  <testcase classname="testPages.HomePageTest" name="clickSignInButtonTest">
    <skipped/>
  </testcase> <!-- clickSignInButtonTest -->
  <system-out/>
  <testcase classname="testPages.HomePageTest" name="clickSearchButtonTest">
    <skipped/>
  </testcase> <!-- clickSearchButtonTest -->
  <system-out/>
  <testcase classname="testPages.HomePageTest" name="use_of_getTitle_method_with_soft_assertion">
    <skipped/>
  </testcase> <!-- use_of_getTitle_method_with_soft_assertion -->
  <system-out/>
  <testcase classname="testPages.HomePageTest" name="use_of_sendKeys_then_clear_method">
    <skipped/>
  </testcase> <!-- use_of_sendKeys_then_clear_method -->
  <system-out/>
  <testcase classname="testPages.HomePageTest" name="use_of_getText_method">
    <skipped/>
  </testcase> <!-- use_of_getText_method -->
  <system-out/>
  <testcase classname="testPages.HomePageTest" name="use_of_isEnabled_in_signIn_button">
    <skipped/>
  </testcase> <!-- use_of_isEnabled_in_signIn_button -->
  <system-out/>
  <testcase classname="testPages.HomePageTest" name="use_of_getCurrentURL_method">
    <skipped/>
  </testcase> <!-- use_of_getCurrentURL_method -->
  <system-out/>
  <testcase classname="testPages.HomePageTest" name="use_of_getTitle_method_in_homePage">
    <skipped/>
  </testcase> <!-- use_of_getTitle_method_in_homePage -->
  <system-out/>
  <testcase classname="testPages.HomePageTest" name="logoDisplayedTest2">
    <skipped/>
  </testcase> <!-- logoDisplayedTest2 -->
  <system-out/>
  <testcase classname="testPages.HomePageTest" name="use_of_dropDown_select_by_visibleText_method">
    <skipped/>
  </testcase> <!-- use_of_dropDown_select_by_visibleText_method -->
  <system-out/>
  <testcase classname="testPages.HomePageTest" name="use_of_select_by_index_method">
    <skipped/>
  </testcase> <!-- use_of_select_by_index_method -->
  <system-out/>
  <testcase classname="testPages.HomePageTest" name="clickSignInThenClickUserNameThenInputTextTest">
    <skipped/>
  </testcase> <!-- clickSignInThenClickUserNameThenInputTextTest -->
  <system-out/>
</testsuite> <!-- testPages.HomePageTest -->
